--- Job 06_pmpCalibration_2021_sustainMod.gms Start 11/18/25 13:20:25 45.7.0 64fbf3ce WEX-WEI x86 64bit/MS Windows
--- Applying:
    C:\GAMS\45\gmsprmNT.txt
    C:\Users\franj\OneDrive\Documentos\GAMS\gamsconfig.yaml
--- GAMS Parameters defined
    Input C:\Users\franj\OneDrive\Documentos\GitHub\sustainmod\GAMS\data\06_pmpCalibration_2021_sustainMod.gms
    PageSize 0
    ScrDir C:\Users\franj\OneDrive\Documentos\GitHub\sustainmod\GAMS\data\225a\
    SysDir C:\GAMS\45\
    LogOption 3
    ErrMsg 1
    ErrorLog 99
    IDE 1
    LstTitleLeftAligned 1
Licensee: Francisco Fernandez, Single User License       G230703|0002AO-WIN
          Universidad San Sebastian,                                DC16629
          C:\Users\franj\OneDrive\Documentos\GAMS\gamslice.txt
          francisco.fernandez@uss.cl                                       
          The maintenance period of the license expired on Jul 27, 2024
          Please contact GAMS or your distributor for further information
Processor information: 1 socket(s), 12 core(s), and 20 thread(s) available
GAMS 45.7.0   Copyright (C) 1987-2024 GAMS Development. All rights reserved
--- Starting compilation
--- 06_pmpCalibration_2021_sustainMod.gms(21) 2 Mb
--- . 03_load_base_data_sustainmod.gms(26) 2 Mb
--- .. sets_sustainmod.gms(52) 3 Mb
--- GDXin=C:\Users\franj\OneDrive\Documentos\GitHub\sustainmod\GAMS\data\sets\02_setsChile_censo.gdx
--- GDX File ($gdxIn) C:\Users\franj\OneDrive\Documentos\GitHub\sustainmod\GAMS\data\sets\02_setsChile_censo.gdx
--- .. sets_sustainmod.gms(158) 3 Mb
--- . 03_load_base_data_sustainmod.gms(27) 3 Mb
--- .. 02_pars_Chile_sustainmod.gms(100) 3 Mb
--- . 03_load_base_data_sustainmod.gms(37) 3 Mb
--- GDXin=C:\Users\franj\OneDrive\Documentos\GitHub\sustainmod\GAMS\results\sustainmod.gdx
--- GDX File ($gdxIn) C:\Users\franj\OneDrive\Documentos\GitHub\sustainmod\GAMS\results\sustainmod.gdx
--- . 03_load_base_data_sustainmod.gms(192) 8 Mb
--- 06_pmpCalibration_2021_sustainMod.gms(61) 8 Mb
--- . 04_coreModel_sustainMod.gms(66) 8 Mb 1 Error
*** Error 148 in C:\Users\franj\OneDrive\Documentos\GitHub\sustainmod\GAMS\data\04_coreModel_sustainMod.gms
    Dimension different - The symbol is referenced with more/less
       indices as declared
--- . 04_coreModel_sustainMod.gms(75) 8 Mb 2 Errors
*** Error 148 in C:\Users\franj\OneDrive\Documentos\GitHub\sustainmod\GAMS\data\04_coreModel_sustainMod.gms
    Dimension different - The symbol is referenced with more/less
       indices as declared
--- . 04_coreModel_sustainMod.gms(81) 8 Mb 3 Errors
*** Error 148 in C:\Users\franj\OneDrive\Documentos\GitHub\sustainmod\GAMS\data\04_coreModel_sustainMod.gms
    Dimension different - The symbol is referenced with more/less
       indices as declared
--- . 04_coreModel_sustainMod.gms(89) 8 Mb 4 Errors
*** Error 148 in C:\Users\franj\OneDrive\Documentos\GitHub\sustainmod\GAMS\data\04_coreModel_sustainMod.gms
    Dimension different - The symbol is referenced with more/less
       indices as declared
--- . 04_coreModel_sustainMod.gms(96) 8 Mb 5 Errors
*** Error 148 in C:\Users\franj\OneDrive\Documentos\GitHub\sustainmod\GAMS\data\04_coreModel_sustainMod.gms
    Dimension different - The symbol is referenced with more/less
       indices as declared
--- . 04_coreModel_sustainMod.gms(103) 8 Mb 6 Errors
*** Error 148 in C:\Users\franj\OneDrive\Documentos\GitHub\sustainmod\GAMS\data\04_coreModel_sustainMod.gms
    Dimension different - The symbol is referenced with more/less
       indices as declared
--- . 04_coreModel_sustainMod.gms(116) 8 Mb 7 Errors
*** Error 148 in C:\Users\franj\OneDrive\Documentos\GitHub\sustainmod\GAMS\data\04_coreModel_sustainMod.gms
    Dimension different - The symbol is referenced with more/less
       indices as declared
--- . 04_coreModel_sustainMod.gms(136) 8 Mb
--- 06_pmpCalibration_2021_sustainMod.gms(85) 8 Mb 8 Errors
*** Error 257 in C:\Users\franj\OneDrive\Documentos\GitHub\sustainmod\GAMS\data\06_pmpCalibration_2021_sustainMod.gms
    Solve statement not checked because of previous errors
--- 06_pmpCalibration_2021_sustainMod.gms(88) 8 Mb 8 Errors
*** Status: Compilation error(s)
--- Job 06_pmpCalibration_2021_sustainMod.gms Stop 11/18/25 13:20:27 elapsed 0:00:01.904
