
--- Job 01_run_Database.gms Start 07/21/25 17:21:23 45.7.0 64fbf3ce WEX-WEI x86 64bit/MS Windows
--- Applying:
    C:\GAMS\45\gmsprmNT.txt
    C:\Users\franj\OneDrive\Documentos\GAMS\gamsconfig.yaml
--- GAMS Parameters defined
    Input C:\Users\franj\OneDrive\Documentos\GitHub\sustainmod\GAMS\data\activities\01_run_Database.gms
    PageSize 0
    ScrDir C:\Users\franj\OneDrive\Documentos\GitHub\sustainmod\GAMS\data\activities\225a\
    SysDir C:\GAMS\45\
    LogOption 3
    ErrMsg 1
    ErrorLog 99
    IDE 1
    LstTitleLeftAligned 1
Licensee: Francisco Fernandez, Single User License       G230703|0002AO-WIN
          Universidad San Sebastian,                                DC16629
          C:\Users\franj\OneDrive\Documentos\GAMS\gamslice.txt
          francisco.fernandez@uss.cl                                       
          The maintenance period of the license expired on Jul 27, 2024
          Please contact GAMS or your distributor for further information
Processor information: 1 socket(s), 12 core(s), and 20 thread(s) available
GAMS 45.7.0   Copyright (C) 1987-2024 GAMS Development. All rights reserved
--- Starting compilation
--- 01_run_Database.gms(103) 3 Mb
--- call gdxxrw.exe ..\activities\DataBase_fondecyt.xlsx o=..\sets\setsChile_censo.gdx se=2 index=indexSet!A3

GDXXRW           45.7.0 64fbf3ce Jan 18, 2024          WEI x86 64bit/MS Window
Input file : C:\Users\franj\OneDrive\Documentos\GitHub\sustainmod\GAMS\data\activities\DataBase_fondecyt.xlsx
Output file: C:\Users\franj\OneDrive\Documentos\GitHub\sustainmod\GAMS\data\sets\setsChile_censo.gdx
Substituting Index
Total time = 860 Ms
--- 01_run_Database.gms(105) 3 Mb
--- GDXin=C:\Users\franj\OneDrive\Documentos\GitHub\sustainmod\GAMS\data\sets\setsChile_censo.gdx
--- GDX File ($gdxIn) C:\Users\franj\OneDrive\Documentos\GitHub\sustainmod\GAMS\data\sets\setsChile_censo.gdx
--- 01_run_Database.gms(111) 3 Mb
--- call gdxxrw.exe ..\activities\DataBase_fondecyt.xlsx o=..\activities\production.gdx se=2 index=indexdat!A3

GDXXRW           45.7.0 64fbf3ce Jan 18, 2024          WEI x86 64bit/MS Window
Input file : C:\Users\franj\OneDrive\Documentos\GitHub\sustainmod\GAMS\data\activities\DataBase_fondecyt.xlsx
Output file: C:\Users\franj\OneDrive\Documentos\GitHub\sustainmod\GAMS\data\activities\production.gdx
Substituting Index
Total time = 1016 Ms
--- 01_run_Database.gms(115) 3 Mb
--- call gdxxrw.exe ..\markets\ProducerPrices_fondecyt.xlsx o=..\markets\ProducerPrices_fondecyt.gdx se=2 index=indexDat!A3

GDXXRW           45.7.0 64fbf3ce Jan 18, 2024          WEI x86 64bit/MS Window
Input file : C:\Users\franj\OneDrive\Documentos\GitHub\sustainmod\GAMS\data\markets\ProducerPrices_fondecyt.xlsx
Output file: C:\Users\franj\OneDrive\Documentos\GitHub\sustainmod\GAMS\data\markets\ProducerPrices_fondecyt.gdx
Substituting Index
Total time = 672 Ms
--- 01_run_Database.gms(119) 3 Mb
--- call gdxxrw.exe ..\markets\Elasticities.xlsx o=..\markets\Elasticities.gdx se=2 index=index!A3

GDXXRW           45.7.0 64fbf3ce Jan 18, 2024          WEI x86 64bit/MS Window
Input file : C:\Users\franj\OneDrive\Documentos\GitHub\sustainmod\GAMS\data\markets\Elasticities.xlsx
Output file: C:\Users\franj\OneDrive\Documentos\GitHub\sustainmod\GAMS\data\markets\Elasticities.gdx
Substituting Index
Total time = 687 Ms
--- 01_run_Database.gms(123) 3 Mb
--- GDXin=C:\Users\franj\OneDrive\Documentos\GitHub\sustainmod\GAMS\data\activities\production.gdx
--- GDX File ($gdxIn) C:\Users\franj\OneDrive\Documentos\GitHub\sustainmod\GAMS\data\activities\production.gdx
--- 01_run_Database.gms(127) 6 Mb
--- GDXin=C:\Users\franj\OneDrive\Documentos\GitHub\sustainmod\GAMS\data\markets\ProducerPrices_fondecyt.gdx
--- GDX File ($gdxIn) C:\Users\franj\OneDrive\Documentos\GitHub\sustainmod\GAMS\data\markets\ProducerPrices_fondecyt.gdx
--- 01_run_Database.gms(131) 6 Mb
--- GDXin=C:\Users\franj\OneDrive\Documentos\GitHub\sustainmod\GAMS\data\markets\Elasticities.gdx
--- GDX File ($gdxIn) C:\Users\franj\OneDrive\Documentos\GitHub\sustainmod\GAMS\data\markets\Elasticities.gdx
--- 01_run_Database.gms(135) 6 Mb
--- GDXin=C:\Users\franj\OneDrive\Documentos\GitHub\sustainmod\GAMS\data\markets\Elasticities.gdx
--- GDX File ($gdxIn) C:\Users\franj\OneDrive\Documentos\GitHub\sustainmod\GAMS\data\markets\Elasticities.gdx
--- 01_run_Database.gms(139) 6 Mb
--- GDXin=C:\Users\franj\OneDrive\Documentos\GitHub\sustainmod\GAMS\data\markets\Elasticities.gdx
--- GDX File ($gdxIn) C:\Users\franj\OneDrive\Documentos\GitHub\sustainmod\GAMS\data\markets\Elasticities.gdx
--- 01_run_Database.gms(346) 6 Mb
--- Starting execution: elapsed 0:00:03.680
--- 01_run_Database.gms(333) 12 Mb
*** GDXopenWrite failed C:\Users\franj\OneDrive\Documentos\GitHub\sustainmod\GAMS\data\results\sustainmod.gdx
*** Msg: No such file or directory
*** New file name used is C:\Users\franj\OneDrive\Documentos\GitHub\sustainmod\GAMS\data\activities\gams1.gdx
--- GDX File (execute_unload) C:\Users\franj\OneDrive\Documentos\GitHub\sustainmod\GAMS\data\activities\gams1.gdx
--- 01_run_Database.gms(334) 12 Mb

GDXXRW           45.7.0 64fbf3ce Jan 18, 2024          WEI x86 64bit/MS Window
**** Input file not found = C:\Users\franj\OneDrive\Documentos\GitHub\sustainmod\GAMS\data\results\sustainmod.gdx
Total time = 344 Ms
--- 01_run_Database.gms(335) 12 Mb

GDXXRW           45.7.0 64fbf3ce Jan 18, 2024          WEI x86 64bit/MS Window
**** Input file not found = C:\Users\franj\OneDrive\Documentos\GitHub\sustainmod\GAMS\data\results\sustainmod.gdx
Total time = 359 Ms
--- 01_run_Database.gms(336) 12 Mb

GDXXRW           45.7.0 64fbf3ce Jan 18, 2024          WEI x86 64bit/MS Window
**** Input file not found = C:\Users\franj\OneDrive\Documentos\GitHub\sustainmod\GAMS\data\results\sustainmod.gdx
Total time = 344 Ms
*** Status: Normal completion
--- Job 01_run_Database.gms Stop 07/21/25 17:21:28 elapsed 0:00:05.251
